02/21/25:14:23:25 user 403 357ms user351 trx77564 "some/market/uri-path/ubtg5888"
02/21/25:14:23:25 recommendation 502 282ms user051 trx31446 "some/register/uri-path/zcpz294"
02/21/25:14:23:25 payment 404 432ms user594 trx92662 "some/payment/uri-path/ufma574"
02/21/25:14:23:25 recommendation 403 209ms user753 trx25087 "some/payment/uri-path/jvej895"
02/21/25:14:23:25 user 502 201ms user091 trx73858 "some/market/uri-path/doer591"
02/21/25:14:23:25 market 404 357ms user237 trx61280 "some/market/uri-path/wohk58"
02/21/25:14:23:25 user 200 292ms user843 trx99169 "some/payment/uri-path/mmrt8309"
02/21/25:14:23:25 register 200 590ms user847 trx04034 "some/register/uri-path/nzpc322"
02/21/25:14:23:25 payment 200 494ms user170 trx15130 "some/market/uri-path/pktr4464"
02/21/25:14:23:25 payment 404 234ms user197 trx14708 "some/payment/uri-path/oyjj929"
02/21/25:14:23:25 payment 404 544ms user531 trx97983 "some/recommendation/uri-path/rafi489"
02/21/25:14:23:25 recommendation 404 246ms user977 trx83932 "some/payment/uri-path/bojq750"
02/21/25:14:23:25 market 200 303ms user552 trx98650 "some/register/uri-path/xoja735"
02/21/25:14:23:25 user 404 128ms user699 trx49208 "some/recommendation/uri-path/tzbd79"
02/21/25:14:23:25 register 502 230ms user452 trx58979 "some/register/uri-path/vssi34"
02/21/25:14:23:25 recommendation 502 570ms user338 trx69113 "some/recommendation/uri-path/voib8467"
02/21/25:14:23:25 recommendation 404 480ms user913 trx56748 "some/payment/uri-path/ylat00"
02/21/25:14:23:25 register 404 261ms user351 trx13408 "some/user/uri-path/vtyp4100"
02/21/25:14:23:25 recommendation 404 263ms user828 trx21869 "some/register/uri-path/vlkw11"
02/21/25:14:23:25 register 404 257ms user964 trx91689 "some/market/uri-path/qvcl00"
02/21/25:14:23:25 user 502 507ms user656 trx18300 "some/payment/uri-path/syeg5320"
02/21/25:14:23:25 payment 502 228ms user175 trx77230 "some/recommendation/uri-path/sbfd1346"
02/21/25:14:23:25 market 403 453ms user706 trx60179 "some/register/uri-path/avkm153"
02/21/25:14:23:25 user 200 451ms user637 trx45878 "some/register/uri-path/vobj481"
02/21/25:14:23:25 register 403 570ms user826 trx06647 "some/payment/uri-path/olws79"
02/21/25:14:23:25 register 403 258ms user396 trx46708 "some/user/uri-path/arwo3564"
02/21/25:14:23:25 market 502 573ms user514 trx23991 "some/user/uri-path/daew161"
02/21/25:14:23:25 register 200 161ms user791 trx78533 "some/recommendation/uri-path/tuus7309"
02/21/25:14:23:25 market 404 132ms user341 trx18450 "some/market/uri-path/fsgp20"
02/21/25:14:23:25 recommendation 200 357ms user940 trx92755 "some/register/uri-path/bkyw154"
02/21/25:14:23:25 register 404 179ms user234 trx39948 "some/register/uri-path/vmrd23"
02/21/25:14:23:25 market 200 336ms user739 trx08022 "some/register/uri-path/mpil08"
02/21/25:14:23:26 market 403 445ms user053 trx18055 "some/market/uri-path/pxlu0611"
02/21/25:14:23:26 recommendation 502 154ms user458 trx98051 "some/market/uri-path/xslb2160"
02/21/25:14:23:26 market 403 439ms user512 trx28299 "some/market/uri-path/dvvf220"
02/21/25:14:23:26 payment 403 465ms user389 trx67790 "some/payment/uri-path/xbfz5938"
02/21/25:14:23:26 register 404 564ms user241 trx51101 "some/register/uri-path/nvte38"
02/21/25:14:23:26 recommendation 502 111ms user181 trx37334 "some/register/uri-path/gljo18"
02/21/25:14:23:26 payment 404 280ms user342 trx17672 "some/user/uri-path/cmmh685"
02/21/25:14:23:26 register 200 405ms user270 trx73063 "some/register/uri-path/jcau0629"
02/21/25:14:23:26 market 502 287ms user384 trx24253 "some/payment/uri-path/qtsr09"
02/21/25:14:23:26 user 404 416ms user235 trx18213 "some/payment/uri-path/ozzh56"
02/21/25:14:23:26 payment 200 598ms user112 trx28817 "some/payment/uri-path/blzx91"
02/21/25:14:23:26 recommendation 404 151ms user192 trx64745 "some/payment/uri-path/hqbr0779"
02/21/25:14:23:26 payment 200 191ms user962 trx06206 "some/register/uri-path/giig4530"
02/21/25:14:23:26 register 403 420ms user343 trx10644 "some/payment/uri-path/juyk223"
02/21/25:14:23:26 payment 502 139ms user412 trx26454 "some/payment/uri-path/jxqg440"
02/21/25:14:23:26 register 200 531ms user611 trx57966 "some/market/uri-path/yfxu5137"
02/21/25:14:23:26 user 200 424ms user636 trx41127 "some/recommendation/uri-path/vqob980"
02/21/25:14:23:26 user 502 173ms user913 trx14277 "some/user/uri-path/uzsx056"
02/21/25:14:23:26 market 502 285ms user574 trx73093 "some/payment/uri-path/ghzr237"
02/21/25:14:23:26 payment 404 178ms user077 trx00297 "some/register/uri-path/lylh3965"
02/21/25:14:23:26 register 403 323ms user059 trx41187 "some/market/uri-path/aghl92"
02/21/25:14:23:26 user 403 517ms user898 trx99530 "some/market/uri-path/gxon0071"
02/21/25:14:23:26 register 200 465ms user414 trx03748 "some/recommendation/uri-path/hunh6071"
02/21/25:14:23:26 payment 200 228ms user544 trx75650 "some/market/uri-path/jfqi43"
02/21/25:14:23:26 payment 502 451ms user907 trx19288 "some/market/uri-path/phco167"
02/21/25:14:23:26 register 502 489ms user858 trx55536 "some/payment/uri-path/cidl210"
02/21/25:14:23:26 recommendation 200 124ms user392 trx37206 "some/user/uri-path/wubg374"
02/21/25:14:23:26 payment 404 330ms user086 trx17070 "some/payment/uri-path/rsic931"
02/21/25:14:23:26 register 403 351ms user935 trx97277 "some/register/uri-path/pypk5679"
02/21/25:14:23:26 user 403 191ms user046 trx85992 "some/register/uri-path/ckoq621"
02/21/25:14:23:26 market 404 211ms user279 trx11367 "some/payment/uri-path/xpog90"
02/21/25:14:23:26 user 502 291ms user035 trx53625 "some/recommendation/uri-path/teab190"
02/21/25:14:23:26 recommendation 200 225ms user339 trx05833 "some/recommendation/uri-path/hemk4259"
02/21/25:14:23:26 recommendation 200 525ms user847 trx64619 "some/market/uri-path/thzj379"
02/21/25:14:23:26 recommendation 404 347ms user498 trx94049 "some/payment/uri-path/mmmx341"
02/21/25:14:23:26 recommendation 404 142ms user016 trx64152 "some/recommendation/uri-path/yvqo409"
02/21/25:14:23:26 market 200 579ms user977 trx22602 "some/recommendation/uri-path/jcbl433"
02/21/25:14:23:26 market 200 150ms user074 trx19302 "some/user/uri-path/xnjy6878"
02/21/25:14:23:26 user 404 285ms user626 trx11395 "some/register/uri-path/urkg476"
02/21/25:14:23:26 user 404 182ms user958 trx87397 "some/recommendation/uri-path/kyny301"
02/21/25:14:23:26 recommendation 404 232ms user843 trx43477 "some/payment/uri-path/kguq5308"
02/21/25:14:23:26 register 502 494ms user624 trx08215 "some/register/uri-path/qhbf26"
02/21/25:14:23:26 recommendation 502 389ms user570 trx50586 "some/recommendation/uri-path/bmsd3928"
02/21/25:14:23:26 user 403 572ms user172 trx32945 "some/payment/uri-path/uuiz9948"
02/21/25:14:23:26 user 200 270ms user161 trx96316 "some/register/uri-path/bgho2466"
02/21/25:14:23:26 payment 404 460ms user536 trx89500 "some/register/uri-path/htdu39"
02/21/25:14:23:26 payment 200 117ms user218 trx91789 "some/register/uri-path/cstv9239"
02/21/25:14:23:26 recommendation 403 512ms user633 trx89692 "some/register/uri-path/pypa98"
02/21/25:14:23:26 payment 502 339ms user494 trx67585 "some/payment/uri-path/lqpt00"
02/21/25:14:23:26 payment 404 595ms user571 trx75039 "some/payment/uri-path/gctj338"
02/21/25:14:23:26 payment 502 124ms user620 trx76043 "some/market/uri-path/fgyp833"
02/21/25:14:23:26 user 404 536ms user672 trx66928 "some/recommendation/uri-path/vqml735"
02/21/25:14:23:26 register 502 583ms user469 trx02525 "some/payment/uri-path/lemw47"
02/21/25:14:23:26 payment 200 537ms user417 trx20906 "some/register/uri-path/nxfo402"
02/21/25:14:23:26 payment 403 534ms user608 trx95747 "some/market/uri-path/ewms7200"
02/21/25:14:23:26 register 200 238ms user329 trx16088 "some/payment/uri-path/yhwh6972"
02/21/25:14:23:26 register 404 173ms user183 trx50231 "some/user/uri-path/hzij9281"
02/21/25:14:23:26 payment 200 168ms user791 trx23766 "some/market/uri-path/mjyu5817"
02/21/25:14:23:26 payment 403 323ms user787 trx16732 "some/register/uri-path/dkta748"
02/21/25:14:23:26 payment 200 248ms user561 trx26471 "some/user/uri-path/pjoy3429"
02/21/25:14:23:26 market 403 424ms user738 trx32374 "some/payment/uri-path/feau046"
02/21/25:14:23:26 user 200 487ms user569 trx28745 "some/payment/uri-path/aazd163"
02/21/25:14:23:26 payment 502 494ms user543 trx72848 "some/user/uri-path/ftck1614"
02/21/25:14:23:26 register 502 255ms user561 trx09114 "some/market/uri-path/jwhh0839"
02/21/25:14:23:26 user 404 161ms user209 trx57563 "some/register/uri-path/lmie0442"
02/21/25:14:23:26 payment 200 327ms user366 trx65460 "some/payment/uri-path/aeuz43"
02/21/25:14:23:26 recommendation 404 551ms user029 trx76382 "some/market/uri-path/qbrs69"
02/21/25:14:23:26 recommendation 403 163ms user097 trx93348 "some/register/uri-path/dufx51"
02/21/25:14:23:26 recommendation 404 310ms user706 trx00574 "some/register/uri-path/mehk892"
02/21/25:14:23:26 recommendation 200 531ms user529 trx76673 "some/payment/uri-path/yydn088"
02/21/25:14:23:26 recommendation 502 427ms user149 trx85504 "some/user/uri-path/lpew174"
02/21/25:14:23:26 recommendation 502 435ms user619 trx51449 "some/market/uri-path/vjga55"
02/21/25:14:23:26 recommendation 200 397ms user390 trx69871 "some/register/uri-path/suhi083"
02/21/25:14:23:26 user 404 311ms user179 trx79331 "some/recommendation/uri-path/zzdf078"
02/21/25:14:23:26 register 404 398ms user074 trx66434 "some/recommendation/uri-path/xdkz072"
02/21/25:14:23:26 payment 403 429ms user527 trx14928 "some/payment/uri-path/mytt1292"
02/21/25:14:23:26 recommendation 403 133ms user012 trx30529 "some/user/uri-path/nvrg00"
02/21/25:14:23:26 register 200 303ms user051 trx52396 "some/user/uri-path/fmas30"
02/21/25:14:23:26 user 403 524ms user271 trx18110 "some/register/uri-path/yrkh82"
02/21/25:14:23:26 payment 502 526ms user862 trx84198 "some/register/uri-path/ydow85"
02/21/25:14:23:26 market 502 252ms user558 trx41729 "some/payment/uri-path/krur9529"
02/21/25:14:23:26 user 404 535ms user728 trx79385 "some/market/uri-path/yxph00"
02/21/25:14:23:26 recommendation 200 504ms user192 trx80027 "some/recommendation/uri-path/jhio9187"
02/21/25:14:23:26 market 403 112ms user411 trx28927 "some/user/uri-path/bfwj08"
02/21/25:14:23:26 market 502 239ms user661 trx44304 "some/payment/uri-path/json24"
02/21/25:14:23:26 user 502 243ms user226 trx07057 "some/user/uri-path/kldd216"
02/21/25:14:23:26 register 200 516ms user806 trx34511 "some/recommendation/uri-path/dwsr56"
02/21/25:14:23:26 market 404 398ms user255 trx54862 "some/market/uri-path/voag329"
02/21/25:14:23:26 register 404 405ms user582 trx91902 "some/market/uri-path/waan5761"
02/21/25:14:23:26 user 502 525ms user542 trx38643 "some/register/uri-path/waty09"
02/21/25:14:23:26 market 502 204ms user860 trx99127 "some/recommendation/uri-path/rlcy339"
02/21/25:14:23:26 register 403 197ms user768 trx26305 "some/recommendation/uri-path/jvte7728"
02/21/25:14:23:26 user 404 486ms user036 trx67815 "some/recommendation/uri-path/onot15"
02/21/25:14:23:26 user 403 118ms user604 trx94219 "some/payment/uri-path/crqo8338"
02/21/25:14:23:26 register 403 391ms user523 trx15243 "some/user/uri-path/uiqt156"
02/21/25:14:23:26 recommendation 404 342ms user500 trx38389 "some/register/uri-path/wggv0567"
02/21/25:14:23:26 market 200 451ms user417 trx91853 "some/user/uri-path/xjwe831"
02/21/25:14:23:26 payment 404 576ms user741 trx08057 "some/market/uri-path/qaqw26"
02/21/25:14:23:26 register 403 322ms user392 trx69663 "some/payment/uri-path/qntn046"
02/21/25:14:23:26 market 404 445ms user527 trx82765 "some/market/uri-path/jczu5112"
02/21/25:14:23:27 user 404 189ms user076 trx25916 "some/user/uri-path/yowd660"
02/21/25:14:23:27 recommendation 404 372ms user715 trx90302 "some/market/uri-path/jftb9909"
02/21/25:14:23:27 payment 502 498ms user688 trx06724 "some/market/uri-path/umyk7845"
02/21/25:14:23:27 user 502 149ms user889 trx41863 "some/register/uri-path/nlgb5237"
02/21/25:14:23:27 market 404 273ms user687 trx67093 "some/payment/uri-path/domh417"
02/21/25:14:23:27 market 404 362ms user351 trx38390 "some/payment/uri-path/eimm12"
02/21/25:14:23:27 register 404 240ms user350 trx09884 "some/user/uri-path/nson63"
02/21/25:14:23:27 market 404 578ms user472 trx62345 "some/register/uri-path/rcce6680"
02/21/25:14:23:27 user 403 235ms user290 trx56442 "some/register/uri-path/ekro26"
02/21/25:14:23:27 register 502 173ms user203 trx22486 "some/market/uri-path/kmzg294"
02/21/25:14:23:27 market 403 277ms user354 trx05508 "some/recommendation/uri-path/amgy287"
02/21/25:14:23:27 payment 200 111ms user767 trx98099 "some/recommendation/uri-path/kati6566"
02/21/25:14:23:27 payment 200 520ms user946 trx22323 "some/payment/uri-path/ryyv46"
02/21/25:14:23:27 payment 404 458ms user040 trx60218 "some/market/uri-path/qhzh043"
02/21/25:14:23:27 market 403 335ms user553 trx32728 "some/payment/uri-path/sfws9324"
02/21/25:14:23:27 register 404 538ms user774 trx17758 "some/recommendation/uri-path/vmdg18"
02/21/25:14:23:27 user 404 229ms user209 trx12406 "some/market/uri-path/ckdv06"
02/21/25:14:23:27 recommendation 200 409ms user539 trx01257 "some/register/uri-path/gpwg775"
02/21/25:14:23:27 payment 404 503ms user367 trx33737 "some/user/uri-path/uvdf173"
02/21/25:14:23:27 market 200 519ms user120 trx60513 "some/recommendation/uri-path/laeg583"
02/21/25:14:23:27 market 502 479ms user103 trx57113 "some/recommendation/uri-path/nbvc8077"
02/21/25:14:23:27 user 403 136ms user331 trx16594 "some/user/uri-path/lycr1686"
02/21/25:14:23:27 user 404 336ms user093 trx11401 "some/payment/uri-path/gtkp126"
02/21/25:14:23:27 user 200 301ms user177 trx31459 "some/recommendation/uri-path/neuj338"
02/21/25:14:23:27 payment 502 310ms user922 trx07495 "some/market/uri-path/zvqm554"
02/21/25:14:23:27 market 200 160ms user423 trx68207 "some/recommendation/uri-path/guqb639"
02/21/25:14:23:27 recommendation 403 548ms user052 trx76770 "some/recommendation/uri-path/wujr128"
02/21/25:14:23:27 payment 200 347ms user925 trx18696 "some/register/uri-path/dnju73"
02/21/25:14:23:27 market 502 595ms user070 trx06269 "some/register/uri-path/ogtg16"
02/21/25:14:23:27 recommendation 502 515ms user355 trx44793 "some/recommendation/uri-path/qdpv985"
02/21/25:14:23:27 market 200 468ms user008 trx42325 "some/market/uri-path/imkp71"
02/21/25:14:23:27 payment 404 432ms user170 trx97837 "some/market/uri-path/emjv9732"
02/21/25:14:23:27 recommendation 404 212ms user365 trx22388 "some/market/uri-path/nobg2393"
02/21/25:14:23:27 user 404 122ms user435 trx01843 "some/payment/uri-path/hhfu949"
02/21/25:14:23:27 recommendation 404 464ms user842 trx91988 "some/recommendation/uri-path/rqvv62"
02/21/25:14:23:27 recommendation 200 176ms user063 trx53643 "some/user/uri-path/uyig9782"
02/21/25:14:23:27 register 403 254ms user491 trx69415 "some/market/uri-path/axho3872"
02/21/25:14:23:27 user 404 579ms user717 trx65528 "some/market/uri-path/adpa99"
02/21/25:14:23:27 register 403 495ms user322 trx18473 "some/market/uri-path/jwkh6694"
02/21/25:14:23:27 market 404 436ms user256 trx74183 "some/market/uri-path/erlf331"
02/21/25:14:23:27 recommendation 502 529ms user367 trx44116 "some/market/uri-path/ynaw7840"
02/21/25:14:23:27 register 403 531ms user139 trx30226 "some/payment/uri-path/hadq459"
02/21/25:14:23:27 recommendation 502 136ms user033 trx26031 "some/market/uri-path/bhzb69"
02/21/25:14:23:27 payment 404 299ms user040 trx28469 "some/user/uri-path/nbiu6281"
02/21/25:14:23:27 payment 502 492ms user026 trx64537 "some/register/uri-path/tale2339"
02/21/25:14:23:27 market 502 505ms user735 trx68799 "some/payment/uri-path/tloa29"
02/21/25:14:23:27 register 502 234ms user816 trx03855 "some/recommendation/uri-path/omsq43"
02/21/25:14:23:27 user 502 245ms user308 trx93374 "some/user/uri-path/zqms6965"
02/21/25:14:23:27 register 403 417ms user102 trx15398 "some/user/uri-path/rrwe07"
02/21/25:14:23:27 recommendation 502 342ms user466 trx94055 "some/user/uri-path/aoen767"
02/21/25:14:23:27 market 404 374ms user160 trx53443 "some/user/uri-path/vbxr02"
02/21/25:14:23:27 recommendation 403 382ms user576 trx58868 "some/user/uri-path/pqjz2499"
02/21/25:14:23:27 payment 502 549ms user600 trx55421 "some/register/uri-path/xika0167"
02/21/25:14:23:27 payment 502 217ms user128 trx27639 "some/recommendation/uri-path/ywig4123"
02/21/25:14:23:27 user 403 260ms user500 trx54102 "some/market/uri-path/pmhb3148"
02/21/25:14:23:27 market 404 259ms user329 trx65128 "some/payment/uri-path/iwhr480"
02/21/25:14:23:27 register 200 413ms user038 trx25460 "some/recommendation/uri-path/xula38"
02/21/25:14:23:27 user 200 343ms user450 trx53730 "some/user/uri-path/imer478"
02/21/25:14:23:27 payment 404 314ms user747 trx50017 "some/register/uri-path/owen515"
02/21/25:14:23:27 market 404 486ms user752 trx17998 "some/recommendation/uri-path/esiv632"
02/21/25:14:23:27 payment 502 499ms user692 trx58121 "some/market/uri-path/aqpg56"
02/21/25:14:23:27 user 404 280ms user190 trx77858 "some/user/uri-path/blyd8616"
02/21/25:14:23:27 user 200 186ms user170 trx50802 "some/recommendation/uri-path/eext147"
02/21/25:14:23:27 payment 200 407ms user897 trx45326 "some/user/uri-path/psnv390"
02/21/25:14:23:27 market 200 121ms user886 trx25465 "some/payment/uri-path/xbum18"
02/21/25:14:23:27 register 502 368ms user281 trx08472 "some/user/uri-path/xkdd88"
02/21/25:14:23:27 recommendation 404 156ms user448 trx79440 "some/register/uri-path/wita03"
02/21/25:14:23:27 user 403 427ms user441 trx53087 "some/market/uri-path/csyu8806"
02/21/25:14:23:27 payment 403 106ms user394 trx25191 "some/recommendation/uri-path/popc154"
02/21/25:14:23:27 register 404 131ms user414 trx35451 "some/market/uri-path/qets98"
02/21/25:14:23:27 recommendation 403 443ms user047 trx36211 "some/recommendation/uri-path/ofpa5889"
02/21/25:14:23:27 recommendation 404 111ms user270 trx25745 "some/register/uri-path/rucx78"
02/21/25:14:23:27 payment 200 362ms user417 trx93019 "some/payment/uri-path/ybre0934"
02/21/25:14:23:27 recommendation 502 163ms user185 trx84247 "some/market/uri-path/qluh46"
02/21/25:14:23:27 register 403 138ms user881 trx19975 "some/recommendation/uri-path/dias95"
02/21/25:14:23:27 register 404 587ms user815 trx45054 "some/user/uri-path/ajkh13"
02/21/25:14:23:27 user 502 546ms user455 trx46270 "some/market/uri-path/eisk624"
02/21/25:14:23:27 recommendation 502 146ms user045 trx36299 "some/payment/uri-path/uqmu300"
02/21/25:14:23:27 market 403 463ms user776 trx72200 "some/recommendation/uri-path/bbcm62"
02/21/25:14:23:27 recommendation 404 273ms user169 trx03721 "some/market/uri-path/pobh954"
02/21/25:14:23:27 market 404 296ms user094 trx78886 "some/payment/uri-path/pmfp604"
02/21/25:14:23:27 recommendation 502 374ms user451 trx00936 "some/recommendation/uri-path/uyzh5648"
02/21/25:14:23:27 register 502 533ms user748 trx74605 "some/market/uri-path/zant4228"
02/21/25:14:23:27 market 200 326ms user490 trx59801 "some/user/uri-path/emdu3509"
02/21/25:14:23:27 recommendation 200 141ms user359 trx63716 "some/user/uri-path/ohfr070"
02/21/25:14:23:27 user 502 551ms user665 trx38988 "some/user/uri-path/uera3333"
